       0.298183646156E-02       0.298183646156E-02
       0.183210247313E-01       0.153391882697E-01
       0.310397044115E-01       0.127186796802E-01
       0.421964736534E-01       0.111567692420E-01
       0.522910821674E-01       0.100946085139E-01
       0.298183646156E-02       0.298183646156E-02
       0.154660004534E-01       0.124841639919E-01
       0.235170882808E-01       0.805108782738E-02
       0.299910533828E-01       0.647396510202E-02
       0.356031527185E-01       0.561209933571E-02
       0.200000000000E-02       0.200000000000E-02
       0.400000000000E-02       0.200000000000E-02
       0.600000000000E-02       0.200000000000E-02
       0.800000000000E-02       0.200000000000E-02
       0.100000000000E-01       0.200000000000E-02
       0.200000000000E-02       0.200000000000E-02
       0.400000000000E-02       0.200000000000E-02
       0.600000000000E-02       0.200000000000E-02
       0.800000000000E-02       0.200000000000E-02
       0.100000000000E-01       0.200000000000E-02
       0.120000000000E-01       0.200000000000E-02
       0.200000000000E-02       0.200000000000E-02
       0.400000000000E-02       0.200000000000E-02
       0.600000000000E-02       0.200000000000E-02
       0.800000000000E-02       0.200000000000E-02
       0.200000000000E-02       0.200000000000E-02
       0.400000000000E-02       0.200000000000E-02
       0.600000000000E-02       0.200000000000E-02
       0.800000000000E-02       0.200000000000E-02
       0.200000000000E-02       0.200000000000E-02
       0.200000000000E-02       0.200000000000E-02
       0.400000000000E-02       0.200000000000E-02
       0.600000000000E-02       0.200000000000E-02
       0.800000000000E-02       0.200000000000E-02
       0.100000000000E-01       0.200000000000E-02
       0.120000000000E-01       0.200000000000E-02
       0.200000000000E-02       0.200000000000E-02
       0.400000000000E-02       0.200000000000E-02
       0.600000000000E-02       0.200000000000E-02
       0.800000000000E-02       0.200000000000E-02
       0.100000000000E-01       0.200000000000E-02
       0.120000000000E-01       0.200000000000E-02
       0.200000000000E-02       0.200000000000E-02
       0.400000000000E-02       0.200000000000E-02
       0.600000000000E-02       0.200000000000E-02
       0.800000000000E-02       0.200000000000E-02
       0.100000000000E-01       0.200000000000E-02
       0.120000000000E-01       0.200000000000E-02
       0.200000000000E-02       0.200000000000E-02
       0.400000000000E-02       0.200000000000E-02
       0.600000000000E-02       0.200000000000E-02
       0.800000000000E-02       0.200000000000E-02
       0.100000000000E-01       0.200000000000E-02
       0.120000000000E-01       0.200000000000E-02
       0.140000000000E-01       0.200000000000E-02
       0.160000000000E-01       0.200000000000E-02
       0.180000000000E-01       0.200000000000E-02
       0.200000000000E-01       0.200000000000E-02
       0.220000000000E-01       0.200000000000E-02
       0.240000000000E-01       0.200000000000E-02
       0.260000000000E-01       0.200000000000E-02
       0.280000000000E-01       0.200000000000E-02
       0.300000000000E-01       0.200000000000E-02
       0.320000000000E-01       0.200000000000E-02
       0.340000000000E-01       0.200000000000E-02
       0.360000000000E-01       0.200000000000E-02
       0.380000000000E-01       0.200000000000E-02
       0.400000000000E-01       0.200000000000E-02
       0.420000000000E-01       0.200000000000E-02
       0.440000000000E-01       0.200000000000E-02
       0.460000000000E-01       0.200000000000E-02
       0.480000000000E-01       0.200000000000E-02
       0.500000000000E-01       0.200000000000E-02
       0.520000000000E-01       0.200000000000E-02
       0.540000000000E-01       0.200000000000E-02
       0.560000000000E-01       0.200000000000E-02
       0.580000000000E-01       0.200000000000E-02
       0.600000000000E-01       0.200000000000E-02
       0.620000000000E-01       0.200000000000E-02
       0.640000000000E-01       0.200000000000E-02
       0.660000000000E-01       0.200000000000E-02
       0.680000000000E-01       0.200000000000E-02
       0.200000000000E-02       0.200000000000E-02
       0.400000000000E-02       0.200000000000E-02
       0.600000000000E-02       0.200000000000E-02
       0.800000000000E-02       0.200000000000E-02
       0.100000000000E-01       0.200000000000E-02
       0.120000000000E-01       0.200000000000E-02
       0.140000000000E-01       0.200000000000E-02
       0.160000000000E-01       0.200000000000E-02
       0.180000000000E-01       0.200000000000E-02
       0.200000000000E-01       0.200000000000E-02
       0.200000000000E-02       0.200000000000E-02
       0.400000000000E-02       0.200000000000E-02
       0.600000000000E-02       0.200000000000E-02
       0.800000000000E-02       0.200000000000E-02
       0.100000000000E-01       0.200000000000E-02
       0.120000000000E-01       0.200000000000E-02
       0.140000000000E-01       0.200000000000E-02
       0.160000000000E-01       0.200000000000E-02
       0.200000000000E-02       0.200000000000E-02
       0.400000000000E-02       0.200000000000E-02
       0.600000000000E-02       0.200000000000E-02
       0.800000000000E-02       0.200000000000E-02
       0.100000000000E-01       0.200000000000E-02
       0.120000000000E-01       0.200000000000E-02
       0.200000000000E-02       0.200000000000E-02
       0.400000000000E-02       0.200000000000E-02
       0.600000000000E-02       0.200000000000E-02
       0.800000000000E-02       0.200000000000E-02
       0.100000000000E-01       0.200000000000E-02
       0.120000000000E-01       0.200000000000E-02
       0.200000000000E-02       0.200000000000E-02
       0.400000000000E-02       0.200000000000E-02
       0.600000000000E-02       0.200000000000E-02
       0.800000000000E-02       0.200000000000E-02
       0.100000000000E-01       0.200000000000E-02
       0.200000000000E-02       0.200000000000E-02
       0.400000000000E-02       0.200000000000E-02
       0.600000000000E-02       0.200000000000E-02
       0.800000000000E-02       0.200000000000E-02
       0.100000000000E-01       0.200000000000E-02
       0.120000000000E-01       0.200000000000E-02
       0.200000000000E-02       0.200000000000E-02
       0.400000000000E-02       0.200000000000E-02
       0.600000000000E-02       0.200000000000E-02
       0.800000000000E-02       0.200000000000E-02
       0.100000000000E-01       0.200000000000E-02
       0.120000000000E-01       0.200000000000E-02
       0.140000000000E-01       0.200000000000E-02
       0.200000000000E-02       0.200000000000E-02
       0.400000000000E-02       0.200000000000E-02
       0.600000000000E-02       0.200000000000E-02
       0.800000000000E-02       0.200000000000E-02
       0.100000000000E-01       0.200000000000E-02
       0.800000000000E-02       0.200000000000E-02
       0.100000000000E-01       0.200000000000E-02
       0.800000000000E-02       0.200000000000E-02
       0.100000000000E-01       0.200000000000E-02
       0.800000000000E-02       0.200000000000E-02
       0.120000000000E-01       0.200000000000E-02
       0.140000000000E-01       0.200000000000E-02
       0.160000000000E-01       0.200000000000E-02
       0.180000000000E-01       0.200000000000E-02
       0.200000000000E-01       0.200000000000E-02
       0.220000000000E-01       0.200000000000E-02
       0.240000000000E-01       0.200000000000E-02
       0.260000000000E-01       0.200000000000E-02
       0.280000000000E-01       0.200000000000E-02
       0.300000000000E-01       0.200000000000E-02
